022025_11:30|CUR:24|HUM:80|DEWPNT:19
022025_11:45|CUR:24|HUM:79|DEWPNT:19
022025_12:00|CUR:24|HUM:79|DEWPNT:19
022025_12:00|THUNDER:_,0|MAX:27|MIN:17|MAX2:60|MIN2:14|COND:Partly Cloudy|ADVFORE:Clear
022025_12:15|CUR:25|HUM:77|DEWPNT:19
022025_12:30|CUR:25|HUM:77|DEWPNT:19
022025_12:45|CUR:28|HUM:75|DEWPNT:21
022025_13:00|CUR:28|HUM:75|DEWPNT:21
022025_13:15|CUR:27|HUM:68|DEWPNT:18
022025_13:30|CUR:27|HUM:68|DEWPNT:18
022025_13:45|CUR:27|HUM:63|DEWPNT:16
022025_14:00|CUR:27|HUM:63|DEWPNT:16
022025_14:15|CUR:27|HUM:59|DEWPNT:14
022025_14:30|CUR:27|HUM:59|DEWPNT:14
022025_14:45|CUR:24|HUM:55|DEWPNT:10
022025_15:00|CUR:24|HUM:55|DEWPNT:10
022025_15:15|CUR:27|HUM:54|DEWPNT:12
022025_15:30|CUR:27|HUM:54|DEWPNT:12
022025_15:45|CUR:27|HUM:53|DEWPNT:12
022025_16:00|CUR:27|HUM:53|DEWPNT:12
022025_16:00|THUNDER:_,0|MAX:28|MIN:17|MAX2:60|MIN2:14|COND:Partly Cloudy|ADVFORE:Clear
022025_16:15|CUR:23|HUM:52|DEWPNT:8
022025_16:30|CUR:23|HUM:52|DEWPNT:8
022025_16:45|CUR:24|HUM:51|DEWPNT:8
022025_17:00|CUR:24|HUM:51|DEWPNT:8
022025_17:15|CUR:23|HUM:50|DEWPNT:7
022025_17:30|CUR:23|HUM:50|DEWPNT:7
022025_17:45|CUR:21|HUM:50|DEWPNT:5
022025_18:00|CUR:21|HUM:50|DEWPNT:5
022025_18:15|CUR:20|HUM:52|DEWPNT:5
022025_18:30|CUR:20|HUM:52|DEWPNT:5
022025_18:45|CUR:20|HUM:52|DEWPNT:5
022025_19:00|CUR:20|HUM:52|DEWPNT:5
022025_19:15|CUR:20|HUM:54|DEWPNT:6
022025_19:30|CUR:20|HUM:54|DEWPNT:6
022025_19:45|CUR:19|HUM:54|DEWPNT:5
022025_20:00|CUR:19|HUM:54|DEWPNT:5
022025_20:00|THUNDER:_,0|MAX:28|MIN:17|MAX2:60|MIN2:13|COND:Partly Cloudy|ADVFORE:Clear
022025_20:15|CUR:19|HUM:55|DEWPNT:5
022025_20:30|CUR:19|HUM:55|DEWPNT:5
022025_20:45|CUR:19|HUM:55|DEWPNT:5
022025_21:00|CUR:19|HUM:55|DEWPNT:5
022025_21:15|CUR:18|HUM:56|DEWPNT:5
022025_21:30|CUR:18|HUM:56|DEWPNT:5
022025_21:45|CUR:18|HUM:56|DEWPNT:5
022025_22:00|CUR:18|HUM:56|DEWPNT:5
022025_22:15|CUR:18|HUM:57|DEWPNT:5
022025_22:30|CUR:18|HUM:57|DEWPNT:5
022025_22:45|CUR:19|HUM:58|DEWPNT:6
022025_23:00|CUR:19|HUM:58|DEWPNT:6
022025_23:15|CUR:19|HUM:59|DEWPNT:7
022025_23:30|CUR:19|HUM:59|DEWPNT:7
022025_23:45|CUR:19|HUM:59|DEWPNT:7
022125_00:00|CUR:19|HUM:59|DEWPNT:7
022125_00:00|THUNDER:_,0|MAX:27|MIN:17|MAX2:59|MIN2:12|COND:Partly Cloudy|ADVFORE:Clear
022125_00:15|CUR:18|HUM:60|DEWPNT:7
022125_00:30|CUR:18|HUM:60|DEWPNT:7
022125_00:45|CUR:18|HUM:61|DEWPNT:7
022125_01:00|CUR:18|HUM:61|DEWPNT:7
022125_01:15|CUR:18|HUM:62|DEWPNT:7
022125_01:30|CUR:18|HUM:62|DEWPNT:7
022125_01:45|CUR:18|HUM:62|DEWPNT:7
022125_02:00|CUR:18|HUM:62|DEWPNT:7
022125_02:15|CUR:18|HUM:63|DEWPNT:7
022125_02:30|CUR:18|HUM:63|DEWPNT:7
022125_02:45|CUR:18|HUM:63|DEWPNT:7
022125_03:00|CUR:18|HUM:63|DEWPNT:7
022125_03:15|CUR:18|HUM:64|DEWPNT:8
022125_03:30|CUR:18|HUM:64|DEWPNT:8
022125_03:45|CUR:18|HUM:65|DEWPNT:8
022125_04:00|CUR:18|HUM:65|DEWPNT:8
022125_04:00|THUNDER:_,0|MAX:37|MIN:17|MAX2:60|MIN2:12|COND:Sunny|ADVFORE:Clear
022125_04:15|CUR:18|HUM:65|DEWPNT:8
022125_04:30|CUR:18|HUM:65|DEWPNT:8
022125_04:45|CUR:18|HUM:66|DEWPNT:9
022125_05:00|CUR:18|HUM:66|DEWPNT:9
022125_05:15|CUR:18|HUM:66|DEWPNT:9
022125_05:30|CUR:18|HUM:66|DEWPNT:9
022125_05:45|CUR:19|HUM:67|DEWPNT:10
022125_06:00|CUR:19|HUM:67|DEWPNT:10
022125_06:15|CUR:19|HUM:66|DEWPNT:10
022125_06:30|CUR:19|HUM:66|DEWPNT:10
022125_06:45|CUR:19|HUM:66|DEWPNT:9
022125_07:00|CUR:19|HUM:66|DEWPNT:9
022125_07:15|CUR:17|HUM:67|DEWPNT:8
022125_07:30|CUR:17|HUM:67|DEWPNT:8
022125_07:45|CUR:16|HUM:68|DEWPNT:7
022125_08:00|CUR:16|HUM:68|DEWPNT:7
022125_08:00|THUNDER:_,0|MAX:38|MIN:17|MAX2:62|MIN2:13|COND:Sunny|ADVFORE:Clear
022125_08:15|CUR:20|HUM:70|DEWPNT:12
022125_08:30|CUR:20|HUM:70|DEWPNT:12
022125_08:45|CUR:22|HUM:69|DEWPNT:14
022125_09:00|CUR:22|HUM:69|DEWPNT:14
022125_09:15|CUR:24|HUM:65|DEWPNT:14
022125_09:30|CUR:24|HUM:65|DEWPNT:14
022125_09:45|CUR:26|HUM:62|DEWPNT:15
022125_10:00|CUR:26|HUM:62|DEWPNT:15
022125_10:15|CUR:27|HUM:58|DEWPNT:14
022125_10:30|CUR:27|HUM:58|DEWPNT:14
022125_10:45|CUR:29|HUM:55|DEWPNT:15
022125_11:00|CUR:29|HUM:55|DEWPNT:15
022125_11:15|CUR:31|HUM:52|DEWPNT:15
022125_11:30|CUR:31|HUM:52|DEWPNT:15
022125_11:45|CUR:32|HUM:50|DEWPNT:15
022125_12:00|CUR:32|HUM:50|DEWPNT:15
022125_12:00|THUNDER:_,0|MAX:38|MIN:17|MAX2:61|MIN2:13|COND:Sunny|ADVFORE:Clear
022125_12:15|CUR:33|HUM:48|DEWPNT:15
022125_12:30|CUR:33|HUM:48|DEWPNT:15
022125_12:45|CUR:32|HUM:46|DEWPNT:14
022125_13:00|CUR:32|HUM:46|DEWPNT:14
022125_13:15|CUR:34|HUM:45|DEWPNT:14
022125_13:30|CUR:34|HUM:45|DEWPNT:14
022125_13:45|CUR:34|HUM:45|DEWPNT:15
022125_14:00|CUR:34|HUM:45|DEWPNT:15
022125_14:15|CUR:34|HUM:43|DEWPNT:13
022125_14:30|CUR:34|HUM:43|DEWPNT:13
022125_14:45|CUR:34|HUM:42|DEWPNT:14
022125_15:00|CUR:34|HUM:42|DEWPNT:14
022125_15:15|CUR:35|HUM:42|DEWPNT:15
022125_15:30|CUR:35|HUM:42|DEWPNT:15
022125_15:45|CUR:37|HUM:40|DEWPNT:15
022125_16:00|CUR:37|HUM:40|DEWPNT:15
022125_16:00|THUNDER:_,0|MAX:37|MIN:17|MAX2:61|MIN2:13|COND:Clear|ADVFORE:Clear
022125_16:15|CUR:37|HUM:39|DEWPNT:15
022125_16:30|CUR:37|HUM:39|DEWPNT:15
022125_16:45|CUR:37|HUM:37|DEWPNT:13
022125_17:00|CUR:37|HUM:37|DEWPNT:13
022125_17:15|CUR:37|HUM:38|DEWPNT:14
022125_17:30|CUR:37|HUM:38|DEWPNT:14
022125_17:45|CUR:36|HUM:38|DEWPNT:12
022125_18:00|CUR:36|HUM:38|DEWPNT:12
022125_18:15|CUR:32|HUM:41|DEWPNT:11
022125_18:30|CUR:32|HUM:41|DEWPNT:11
022125_18:45|CUR:30|HUM:44|DEWPNT:10
022125_19:00|CUR:30|HUM:44|DEWPNT:10
022125_19:15|CUR:28|HUM:47|DEWPNT:11
022125_19:30|CUR:28|HUM:47|DEWPNT:11
022125_19:45|CUR:28|HUM:49|DEWPNT:11
022125_20:00|CUR:28|HUM:49|DEWPNT:11
022125_20:00|THUNDER:_,0|MAX:37|MIN:17|MAX2:60|MIN2:13|COND:Clear|ADVFORE:Clear
022125_20:15|CUR:27|HUM:51|DEWPNT:11
022125_20:30|CUR:27|HUM:51|DEWPNT:11
022125_20:45|CUR:26|HUM:52|DEWPNT:11
022125_21:00|CUR:26|HUM:52|DEWPNT:11
022125_21:15|CUR:25|HUM:53|DEWPNT:10
022125_21:30|CUR:25|HUM:53|DEWPNT:10
022125_21:45|CUR:24|HUM:54|DEWPNT:10
022125_22:00|CUR:24|HUM:54|DEWPNT:10
022125_22:15|CUR:24|HUM:55|DEWPNT:10
022125_22:30|CUR:24|HUM:55|DEWPNT:10
022125_22:45|CUR:24|HUM:57|DEWPNT:11
022125_23:00|CUR:24|HUM:57|DEWPNT:11
022125_23:15|CUR:23|HUM:58|DEWPNT:11
022125_23:30|CUR:23|HUM:58|DEWPNT:11
022125_23:45|CUR:23|HUM:59|DEWPNT:11
022225_00:00|CUR:23|HUM:59|DEWPNT:11
022225_00:00|THUNDER:_,0|MAX:36|MIN:17|MAX2:62|MIN2:13|COND:Clear|ADVFORE:Clear
022225_00:15|CUR:23|HUM:60|DEWPNT:11
022225_00:30|CUR:23|HUM:60|DEWPNT:11
022225_00:45|CUR:22|HUM:60|DEWPNT:10
022225_01:00|CUR:22|HUM:60|DEWPNT:10
022225_01:06|CUR:22|HUM:61|DEWPNT:11
022225_01:06|CUR:22|HUM:61|DEWPNT:11
022225_01:15|CUR:22|HUM:61|DEWPNT:11
022225_01:30|CUR:22|HUM:61|DEWPNT:11
022225_01:45|CUR:21|HUM:61|DEWPNT:10
022225_02:00|CUR:21|HUM:61|DEWPNT:10
022225_02:15|CUR:21|HUM:62|DEWPNT:10
022225_02:30|CUR:21|HUM:62|DEWPNT:10
022225_02:45|CUR:19|HUM:63|DEWPNT:9
022225_03:00|CUR:19|HUM:63|DEWPNT:9
022225_03:15|CUR:19|HUM:65|DEWPNT:9
022225_03:30|CUR:19|HUM:65|DEWPNT:9
022225_03:45|CUR:17|HUM:67|DEWPNT:8
022225_04:00|CUR:17|HUM:67|DEWPNT:8
022225_04:00|THUNDER:_,0|MAX:41|MIN:13|MAX2:62|MIN2:13|COND:Partly Cloudy|ADVFORE:Clear
022225_04:15|CUR:17|HUM:68|DEWPNT:8
022225_04:30|CUR:17|HUM:68|DEWPNT:8
022225_04:45|CUR:17|HUM:70|DEWPNT:9
022225_05:00|CUR:17|HUM:70|DEWPNT:9
022225_05:15|CUR:16|HUM:71|DEWPNT:8
022225_05:30|CUR:16|HUM:71|DEWPNT:8
022225_05:45|CUR:15|HUM:72|DEWPNT:8
022225_06:00|CUR:15|HUM:72|DEWPNT:8
022225_06:15|CUR:14|HUM:73|DEWPNT:7
022225_06:30|CUR:14|HUM:73|DEWPNT:7
022225_06:45|CUR:14|HUM:74|DEWPNT:7
022225_07:00|CUR:14|HUM:74|DEWPNT:7
022225_07:15|CUR:14|HUM:75|DEWPNT:7
022225_07:30|CUR:14|HUM:75|DEWPNT:7
022225_07:45|CUR:13|HUM:76|DEWPNT:7
022225_08:00|THUNDER:_,0|MAX:42|MIN:12|MAX2:63|MIN2:12|COND:Mostly Cloudy|ADVFORE:Clear
022225_08:00|CUR:13|HUM:76|DEWPNT:7
022225_08:15|CUR:17|HUM:77|DEWPNT:11
022225_08:30|CUR:17|HUM:77|DEWPNT:11
022225_08:45|CUR:19|HUM:78|DEWPNT:14
022225_09:00|CUR:19|HUM:78|DEWPNT:14
022225_09:15|CUR:24|HUM:77|DEWPNT:18
022225_09:30|CUR:24|HUM:77|DEWPNT:18
022225_09:45|CUR:29|HUM:74|DEWPNT:22
022225_10:00|CUR:29|HUM:74|DEWPNT:22
022225_10:15|CUR:29|HUM:68|DEWPNT:20
022225_10:30|CUR:29|HUM:68|DEWPNT:20
022225_10:45|CUR:30|HUM:63|DEWPNT:19
022225_11:00|CUR:30|HUM:63|DEWPNT:19
022225_11:15|CUR:33|HUM:59|DEWPNT:20
022225_11:30|CUR:33|HUM:59|DEWPNT:20
022225_11:45|CUR:34|HUM:55|DEWPNT:20
022225_12:00|CUR:34|HUM:55|DEWPNT:20
022225_12:00|THUNDER:_,0|MAX:42|MIN:12|MAX2:63|MIN2:12|COND:Mostly Sunny|ADVFORE:Clear
022225_12:15|CUR:38|HUM:51|DEWPNT:22
022225_12:30|CUR:38|HUM:51|DEWPNT:22
022225_12:45|CUR:40|HUM:44|DEWPNT:20
022225_13:00|CUR:40|HUM:44|DEWPNT:20
022225_13:15|CUR:40|HUM:42|DEWPNT:19
022225_13:30|CUR:40|HUM:42|DEWPNT:19
022225_13:45|CUR:40|HUM:41|DEWPNT:18
022225_14:00|CUR:40|HUM:41|DEWPNT:18
022225_14:15|CUR:42|HUM:41|DEWPNT:20
022225_14:30|CUR:42|HUM:41|DEWPNT:20
022225_14:45|CUR:42|HUM:34|DEWPNT:16
022225_15:00|CUR:42|HUM:34|DEWPNT:16
022225_15:15|CUR:43|HUM:32|DEWPNT:15
022225_15:30|CUR:43|HUM:32|DEWPNT:15
022225_15:45|CUR:40|HUM:37|DEWPNT:16
022225_16:00|CUR:40|HUM:37|DEWPNT:16
022225_16:00|THUNDER:_,0|MAX:43|MIN:12|MAX2:63|MIN2:12|COND:Showers Early|ADVFORE:Clear
022225_16:15|CUR:40|HUM:39|DEWPNT:17
022225_16:30|CUR:40|HUM:39|DEWPNT:17
022225_16:45|CUR:40|HUM:40|DEWPNT:18
022225_17:00|CUR:40|HUM:40|DEWPNT:18
022225_17:15|CUR:40|HUM:40|DEWPNT:18
022225_17:30|CUR:40|HUM:40|DEWPNT:18
022225_17:45|CUR:40|HUM:38|DEWPNT:17
022225_18:00|CUR:40|HUM:38|DEWPNT:17
022225_18:15|CUR:39|HUM:38|DEWPNT:16
022225_18:30|CUR:39|HUM:38|DEWPNT:16
022225_18:45|CUR:38|HUM:39|DEWPNT:15
022225_19:00|CUR:38|HUM:39|DEWPNT:15
022225_19:15|CUR:37|HUM:40|DEWPNT:15
022225_19:30|CUR:37|HUM:40|DEWPNT:15
022225_19:45|CUR:36|HUM:42|DEWPNT:15
022225_20:00|CUR:36|HUM:42|DEWPNT:15
022225_20:00|THUNDER:_,0|MAX:43|MIN:12|MAX2:62|MIN2:12|COND:Partly Cloudy|ADVFORE:Clear
022225_20:15|CUR:35|HUM:43|DEWPNT:15
022225_20:30|CUR:35|HUM:43|DEWPNT:15
022225_20:45|CUR:33|HUM:46|DEWPNT:14
022225_21:00|CUR:33|HUM:46|DEWPNT:14
022225_21:15|CUR:32|HUM:48|DEWPNT:14
022225_21:30|CUR:32|HUM:48|DEWPNT:14
022225_21:45|CUR:31|HUM:50|DEWPNT:14
022225_22:00|CUR:31|HUM:50|DEWPNT:14
022225_22:15|CUR:29|HUM:53|DEWPNT:14
022225_22:23|CUR:29|HUM:53|DEWPNT:14
022225_22:23|CUR:29|HUM:53|DEWPNT:14
022225_22:24|CUR:29|HUM:53|DEWPNT:14
022225_22:27|CUR:29|HUM:53|DEWPNT:14
022225_22:27|CUR:29|HUM:53|DEWPNT:14
022225_22:30|CUR:29|HUM:53|DEWPNT:14
022225_22:33|THUNDER:_,0|MAX:43|MIN:12|MAX2:63|MIN2:12|COND:Clear|ADVFORE:Clear
022225_22:41|THUNDER:_,0|MAX:43|MIN:12|MAX2:63|MIN2:12|COND:Clear|ADVFORE:Clear
022225_22:45|CUR:29|HUM:57|DEWPNT:16
022225_23:00|CUR:29|HUM:57|DEWPNT:16
022225_23:15|CUR:27|HUM:60|DEWPNT:15
022225_23:30|CUR:27|HUM:60|DEWPNT:15
022225_23:45|CUR:27|HUM:63|DEWPNT:16
022225_23:49|THUNDER:_,0|MAX:43|MIN:12|MAX2:63|MIN2:12|COND:Clear|ADVFORE:Clear
022225_23:49|CUR:27|HUM:63|DEWPNT:16
022225_23:50|CUR:27|HUM:63|DEWPNT:16
022225_23:50|THUNDER:_,0|MAX:42|MIN:12|MAX2:63|MIN2:12|COND:Clear|ADVFORE:Clear
022325_00:00|CUR:27|HUM:63|DEWPNT:16
022325_00:00|THUNDER:_,0|MAX:42|MIN:12|MAX2:63|MIN2:12|COND:Clear|ADVFORE:Clear
022325_00:01|THUNDER:_,0|MAX:42|MIN:12|MAX2:63|MIN2:12|COND:Clear|ADVFORE:Clear
